3/10/2025 11:08:42 PM	This log contains information about the import schema operation into project 'bronze_db' on computer 'DESKTOP-64SMG1I' by user 'Janak'.
3/10/2025 11:08:42 PM	Import of database schema has started.
3/10/2025 11:08:44 PM	Gathering logins
3/10/2025 11:08:45 PM	Gathering database credentials
3/10/2025 11:08:45 PM	Gathering database options
3/10/2025 11:08:45 PM	Gathering generic database scoped configuration option
3/10/2025 11:08:45 PM	Gathering users
3/10/2025 11:08:45 PM	Gathering roles
3/10/2025 11:08:45 PM	Gathering application roles
3/10/2025 11:08:45 PM	Gathering role memberships
3/10/2025 11:08:45 PM	Gathering filegroups
3/10/2025 11:08:45 PM	Gathering full-text catalogs
3/10/2025 11:08:45 PM	Gathering assemblies
3/10/2025 11:08:45 PM	Gathering certificates
3/10/2025 11:08:45 PM	Gathering symmetric keys
3/10/2025 11:08:45 PM	Gathering encrypted symmetric keys
3/10/2025 11:08:45 PM	Gathering schemas
3/10/2025 11:08:45 PM	Gathering XML schema collections
3/10/2025 11:08:45 PM	Gathering user-defined data types
3/10/2025 11:08:45 PM	Gathering user-defined types
3/10/2025 11:08:45 PM	Gathering table types
3/10/2025 11:08:45 PM	Gathering unique keys for table types
3/10/2025 11:08:45 PM	Gathering primary keys for table types
3/10/2025 11:08:45 PM	Gathering indexes for table types
3/10/2025 11:08:45 PM	Gathering check constraints for table types
3/10/2025 11:08:45 PM	Gathering default constraints for table types
3/10/2025 11:08:45 PM	Gathering partition functions
3/10/2025 11:08:45 PM	Gathering partition schemes
3/10/2025 11:08:45 PM	Gathering functions
3/10/2025 11:08:45 PM	Gathering encrypted functions
3/10/2025 11:08:45 PM	Gathering aggregates
3/10/2025 11:08:45 PM	Gathering procedures
3/10/2025 11:08:45 PM	Gathering encrypted procedures
3/10/2025 11:08:45 PM	Gathering tables
3/10/2025 11:08:45 PM	Gathering primary keys
3/10/2025 11:08:45 PM	Gathering unique constraints
3/10/2025 11:08:45 PM	Gathering foreign keys
3/10/2025 11:08:45 PM	Gathering default constraints
3/10/2025 11:08:45 PM	Gathering check constraints
3/10/2025 11:08:45 PM	Gathering views
3/10/2025 11:08:45 PM	Gathering encrypted views
3/10/2025 11:08:45 PM	Gathering indexes
3/10/2025 11:08:45 PM	Gathering statistics
3/10/2025 11:08:45 PM	Gathering full-text index stoplists
3/10/2025 11:08:45 PM	Gathering search property lists
3/10/2025 11:08:45 PM	Gathering search properties
3/10/2025 11:08:45 PM	Gathering full-text indexes
3/10/2025 11:08:45 PM	Gathering column store indexes
3/10/2025 11:08:45 PM	Gathering spatial indexes
3/10/2025 11:08:45 PM	Gathering XML indexes
3/10/2025 11:08:45 PM	Gathering Selective XML indexes
3/10/2025 11:08:45 PM	Gathering encrypted triggers
3/10/2025 11:08:45 PM	Gathering triggers
3/10/2025 11:08:45 PM	Gathering encrypted and clr ddl triggers
3/10/2025 11:08:45 PM	Gathering ddl triggers
3/10/2025 11:08:45 PM	Creating edge constraints
3/10/2025 11:08:45 PM	Gathering synonyms
3/10/2025 11:08:45 PM	Gathering defaults
3/10/2025 11:08:45 PM	Gathering data constraint uddt bindings
3/10/2025 11:08:45 PM	Gathering rules
3/10/2025 11:08:45 PM	Gathering data constraint uddt bindings
3/10/2025 11:08:45 PM	Gathering message types
3/10/2025 11:08:45 PM	Gathering queues
3/10/2025 11:08:45 PM	Gathering contracts
3/10/2025 11:08:45 PM	Gathering services
3/10/2025 11:08:45 PM	Gathering event notifications
3/10/2025 11:08:45 PM	Gathering remote service bindings
3/10/2025 11:08:45 PM	Gathering broker priorities
3/10/2025 11:08:45 PM	Gathering signatures
3/10/2025 11:08:46 PM	Gathering compression options
3/10/2025 11:08:46 PM	Gathering sequence types
3/10/2025 11:08:46 PM	Gathering security policies
3/10/2025 11:08:46 PM	Gather column encryption keys
3/10/2025 11:08:46 PM	Gathering column master keys
3/10/2025 11:08:46 PM	Gathering external data sources
3/10/2025 11:08:46 PM	Gathering external file formats
3/10/2025 11:08:46 PM	Gathering external tables
3/10/2025 11:08:46 PM	Gathering XML index compression options
3/10/2025 11:08:46 PM	Gathering extended properties
3/10/2025 11:08:46 PM	Gathering assemblies
3/10/2025 11:08:46 PM	Gathering logins
3/10/2025 11:08:47 PM	Scanning project for duplicate elements
3/10/2025 11:08:47 PM	Finished duplicate element processing
3/10/2025 11:08:47 PM	Finished importing database.
3/10/2025 11:08:47 PM	A summary of the import was saved to the following location: C:\Users\Janak\Desktop\CICD_Repo\CICD_Repo\bronze_db\Import Schema Logs\bronze_db_20250311030842.log
3/10/2025 11:08:47 PM	Click Finish to continue...
